  电话号码的字母组合.cpp
D:\VS2022\电话号码的字母组合\电话号码的字母组合\电话号码的字母组合.cpp(8,9): error C3646: “strA”: 未知重写说明符
D:\VS2022\电话号码的字母组合\电话号码的字母组合\电话号码的字母组合.cpp(8,13): error C2143: 语法错误: 缺少“,”(在“[”的前面)
D:\VS2022\电话号码的字母组合\电话号码的字母组合\电话号码的字母组合.cpp(8,20): error C2334: “{”的前面有意外标记；跳过明显的函数体
D:\VS2022\电话号码的字母组合\电话号码的字母组合\电话号码的字母组合.cpp(9,15): error C2061: 语法错误: 标识符“string”
D:\VS2022\电话号码的字母组合\电话号码的字母组合\电话号码的字母组合.cpp(23,8): error C2143: 语法错误: 缺少“;”(在“<”的前面)
D:\VS2022\电话号码的字母组合\电话号码的字母组合\电话号码的字母组合.cpp(23,2): error C4430: 缺少类型说明符 - 假定为 int。注意: C++ 不支持默认 int
D:\VS2022\电话号码的字母组合\电话号码的字母组合\电话号码的字母组合.cpp(24,2): error C2334: “{”的前面有意外标记；跳过明显的函数体
D:\VS2022\电话号码的字母组合\电话号码的字母组合\电话号码的字母组合.cpp(11,7): error C2065: “level”: 未声明的标识符
D:\VS2022\电话号码的字母组合\电话号码的字母组合\电话号码的字母组合.cpp(11,16): error C2065: “digits”: 未声明的标识符
D:\VS2022\电话号码的字母组合\电话号码的字母组合\电话号码的字母组合.cpp(13,4): error C2065: “v”: 未声明的标识符
D:\VS2022\电话号码的字母组合\电话号码的字母组合\电话号码的字母组合.cpp(13,16): error C2065: “combineStr”: 未声明的标识符
D:\VS2022\电话号码的字母组合\电话号码的字母组合\电话号码的字母组合.cpp(16,13): error C2065: “digits”: 未声明的标识符
D:\VS2022\电话号码的字母组合\电话号码的字母组合\电话号码的字母组合.cpp(16,20): error C2065: “level”: 未声明的标识符
D:\VS2022\电话号码的字母组合\电话号码的字母组合\电话号码的字母组合.cpp(17,3): error C2065: “string”: 未声明的标识符
D:\VS2022\电话号码的字母组合\电话号码的字母组合\电话号码的字母组合.cpp(17,10): error C2146: 语法错误: 缺少“;”(在标识符“str”的前面)
D:\VS2022\电话号码的字母组合\电话号码的字母组合\电话号码的字母组合.cpp(17,10): error C2065: “str”: 未声明的标识符
D:\VS2022\电话号码的字母组合\电话号码的字母组合\电话号码的字母组合.cpp(17,16): error C2065: “strA”: 未声明的标识符
D:\VS2022\电话号码的字母组合\电话号码的字母组合\电话号码的字母组合.cpp(18,26): error C2065: “str”: 未声明的标识符
D:\VS2022\电话号码的字母组合\电话号码的字母组合\电话号码的字母组合.cpp(20,12): error C2065: “digits”: 未声明的标识符
D:\VS2022\电话号码的字母组合\电话号码的字母组合\电话号码的字母组合.cpp(20,20): error C2065: “level”: 未声明的标识符
D:\VS2022\电话号码的字母组合\电话号码的字母组合\电话号码的字母组合.cpp(20,31): error C2065: “combineStr”: 未声明的标识符
D:\VS2022\电话号码的字母组合\电话号码的字母组合\电话号码的字母组合.cpp(20,44): error C2065: “str”: 未声明的标识符
D:\VS2022\电话号码的字母组合\电话号码的字母组合\电话号码的字母组合.cpp(20,52): error C2065: “v”: 未声明的标识符
